<?xml version="1.0" encoding="UTF-8"?>
<testsuite name="sample.AppTest" tests="1" skipped="0" failures="1" errors="0" timestamp="2026-06-23T20:28:49" hostname="98cbaef74a49" time="0.077">
  <properties/>
  <testcase name="summaryAssemblesReceiptAcrossStages()" classname="sample.AppTest" time="0.077">
    <failure message="org.opentest4j.AssertionFailedError: expected: &lt;SAVE/$45/SILVER&gt; but was: &lt;SAVE/SILVER/null&gt;" type="org.opentest4j.AssertionFailedError">org.opentest4j.AssertionFailedError: expected: &lt;SAVE/$45/SILVER&gt; but was: &lt;SAVE/SILVER/null&gt;
	at app//org.junit.jupiter.api.AssertionFailureBuilder.build(AssertionFailureBuilder.java:151)
	at app//org.junit.jupiter.api.AssertionFailureBuilder.buildAndThrow(AssertionFailureBuilder.java:132)
	at app//org.junit.jupiter.api.AssertEquals.failNotEqual(AssertEquals.java:197)
	at app//org.junit.jupiter.api.AssertEquals.assertEquals(AssertEquals.java:182)
	at app//org.junit.jupiter.api.AssertEquals.assertEquals(AssertEquals.java:177)
	at app//org.junit.jupiter.api.Assertions.assertEquals(Assertions.java:1141)
	at app//sample.AppTest.summaryAssemblesReceiptAcrossStages(AppTest.java:10)
	at java.base@17.0.10/java.lang.reflect.Method.invoke(Method.java:568)
	at java.base@17.0.10/java.util.ArrayList.forEach(ArrayList.java:1511)
	at java.base@17.0.10/java.util.ArrayList.forEach(ArrayList.java:1511)
</failure>
  </testcase>
  <system-out><![CDATA[]]></system-out>
  <system-err><![CDATA[]]></system-err>
</testsuite>
